[    0.000000] Linux version 4.15.0-200-generic (buildd@lcy02-amd64-069) (gcc version 7.5.0 (Ubuntu 7.5.0-3ubuntu1~18.04)) #211-Ubuntu SMP Thu Nov 24 18:16:04 UTC 2022 (Ubuntu 4.15.0-200.211-generic 4.15.18)
[    0.000000] Command line: BOOT_IMAGE=/boot/vmlinuz-4.15.0-200-generic root=LABEL=cloudimg-rootfs ro console=tty1 console=ttyS0
[    0.000000] KERNEL supported cpus:
[    0.000000]   Intel GenuineIntel
[    0.000000]   AMD AuthenticAMD
[    0.000000]   Centaur CentaurHauls
[    0.000000] x86/fpu: Supporting XSAVE feature 0x001: 'x87 floating point registers'
[    0.000000] x86/fpu: Supporting XSAVE feature 0x002: 'SSE registers'
[    0.000000] x86/fpu: Supporting XSAVE feature 0x004: 'AVX registers'
[    0.000000] x86/fpu: xstate_offset[2]:  576, xstate_sizes[2]:  256
[    0.000000] x86/fpu: Enabled xstate features 0x7, context size is 832 bytes, using 'standard' format.
[    0.000000] e820: BIOS-provided physical RAM map:
[    0.000000] BIOS-e820: [mem 0x0000000000000000-0x000000000009fbff] usable
[    0.000000] BIOS-e820: [mem 0x000000000009fc00-0x000000000009ffff] reserved
[    0.000000] BIOS-e820: [mem 0x00000000000f0000-0x00000000000fffff] reserved
[    0.000000] BIOS-e820: [mem 0x0000000000100000-0x000000003ffeffff] usable
[    0.000000] BIOS-e820: [mem 0x000000003fff0000-0x000000003fffffff] ACPI data
[    0.000000] BIOS-e820: [mem 0x00000000fec00000-0x00000000fec00fff] reserved
[    0.000000] BIOS-e820: [mem 0x00000000fee00000-0x00000000fee00fff] reserved
[    0.000000] BIOS-e820: [mem 0x00000000fffc0000-0x00000000ffffffff] reserved
[    0.000000] NX (Execute Disable) protection: active
[    0.000000] SMBIOS 2.5 present.
[    0.000000] DMI: innotek GmbH VirtualBox/VirtualBox, BIOS VirtualBox 12/01/2006
[    0.000000] Hypervisor detected: KVM
[    0.000000] e820: last_pfn = 0x3fff0 max_arch_pfn = 0x400000000
[    0.000000] MTRR: Disabled
[    0.000000] x86/PAT: MTRRs disabled, skipping PAT initialization too.
[    0.000000] CPU MTRRs all blank - virtualized system.
[    0.000000] x86/PAT: Configuration [0-7]: WB  WT  UC- UC  WB  WT  UC- UC  
[    0.000000] found SMP MP-table at [mem 0x0009fff0-0x0009ffff]
[    0.000000] Scanning 1 areas for low memory corruption
[    0.000000] RAMDISK: [mem 0x359c9000-0x36cdbfff]
[    0.000000] ACPI: Early table checksum verification disabled
[    0.000000] ACPI: RSDP 0x00000000000E0000 000024 (v02 VBOX  )
[    0.000000] ACPI: XSDT 0x000000003FFF0030 00003C (v01 VBOX   VBOXXSDT 00000001 ASL  00000061)
[    0.000000] ACPI: FACP 0x000000003FFF00F0 0000F4 (v04 VBOX   VBOXFACP 00000001 ASL  00000061)
[    0.000000] ACPI: DSDT 0x000000003FFF0470 002325 (v02 VBOX   VBOXBIOS 00000002 INTL 20100528)
[    0.000000] ACPI: FACS 0x000000003FFF0200 000040
[    0.000000] ACPI: FACS 0x000000003FFF0200 000040
[    0.000000] ACPI: APIC 0x000000003FFF0240 00005C (v02 VBOX   VBOXAPIC 00000001 ASL  00000061)
[    0.000000] ACPI: SSDT 0x000000003FFF02A0 0001CC (v01 VBOX   VBOXCPUT 00000002 INTL 20100528)
[    0.000000] ACPI: Reserving FACP table memory at [mem 0x3fff00f0-0x3fff01e3]
[    0.000000] ACPI: Reserving DSDT table memory at [mem 0x3fff0470-0x3fff2794]
[    0.000000] ACPI: Reserving FACS table memory at [mem 0x3fff0200-0x3fff023f]
[    0.000000] ACPI: Reserving FACS table memory at [mem 0x3fff0200-0x3fff023f]
[    0.000000] ACPI: Reserving APIC table memory at [mem 0x3fff0240-0x3fff029b]
[    0.000000] ACPI: Reserving SSDT table memory at [mem 0x3fff02a0-0x3fff046b]
[    0.000000] No NUMA configuration found
[    0.000000] Faking a node at [mem 0x0000000000000000-0x000000003ffeffff]
[    0.000000] NODE_DATA(0) allocated [mem 0x3ffc5000-0x3ffeffff]
[    0.000000] kvm-clock: cpu 0, msr 0:3ff44001, primary cpu clock
[    0.000000] kvm-clock: Using msrs 4b564d01 and 4b564d00
[    0.000000] kvm-clock: using sched offset of 8099666677 cycles
[    0.000000] clocksource: kvm-clock: mask: 0xffffffffffffffff max_cycles: 0x1cd42e4dffb, max_idle_ns: 881590591483 ns
[    0.000000] Zone ranges:
[    0.000000]   DMA      [mem 0x0000000000001000-0x0000000000ffffff]
[    0.000000]   DMA32    [mem 0x0000000001000000-0x000000003ffeffff]
[    0.000000]   Normal   empty
[    0.000000]   Device   empty
[    0.000000] Movable zone start for each node
[    0.000000] Early memory node ranges
[    0.000000]   node   0: [mem 0x0000000000001000-0x000000000009efff]
[    0.000000]   node   0: [mem 0x0000000000100000-0x000000003ffeffff]
[    0.000000] Reserved but unavailable: 104 pages
[    0.000000] Initmem setup node 0 [mem 0x0000000000001000-0x000000003ffeffff]
[    0.000000] ACPI: PM-Timer IO Port: 0x4008
[    0.000000] IOAPIC[0]: apic_id 2, version 32, address 0xfec00000, GSI 0-23
[    0.000000] ACPI: INT_SRC_OVR (bus 0 bus_irq 0 global_irq 2 dfl dfl)
[    0.000000] ACPI: INT_SRC_OVR (bus 0 bus_irq 9 global_irq 9 low level)
[    0.000000] Using ACPI (MADT) for SMP configuration information
[    0.000000] smpboot: Allowing 2 CPUs, 0 hotplug CPUs
[    0.000000] PM: Registered nosave memory: [mem 0x00000000-0x00000fff]
[    0.000000] PM: Registered nosave memory: [mem 0x0009f000-0x0009ffff]
[    0.000000] PM: Registered nosave memory: [mem 0x000a0000-0x000effff]
[    0.000000] PM: Registered nosave memory: [mem 0x000f0000-0x000fffff]
[    0.000000] e820: [mem 0x40000000-0xfebfffff] available for PCI devices
[    0.000000] Booting paravirtualized kernel on KVM
[    0.000000] clocksource: refined-jiffies: mask: 0xffffffff max_cycles: 0xffffffff, max_idle_ns: 7645519600211568 ns
[    0.000000] setup_percpu: NR_CPUS:8192 nr_cpumask_bits:2 nr_cpu_ids:2 nr_node_ids:1
[    0.000000] percpu: Embedded 50 pages/cpu s167936 r8192 d28672 u1048576
[    0.000000] PV qspinlock hash table entries: 256 (order: 0, 4096 bytes)
[    0.000000] Built 1 zonelists, mobility grouping on.  Total pages: 257913
[    0.000000] Policy zone: DMA32
[    0.000000] Kernel command line: BOOT_IMAGE=/boot/vmlinuz-4.15.0-200-generic root=LABEL=cloudimg-rootfs ro console=tty1 console=ttyS0
[    0.000000] Memory: 982648K/1048120K available (12300K kernel code, 2477K rwdata, 4320K rodata, 2472K init, 2720K bss, 65472K reserved, 0K cma-reserved)
[    0.000000] SLUB: HWalign=64, Order=0-3, MinObjects=0, CPUs=2, Nodes=1
[    0.000000] Kernel/User page tables isolation: enabled
[    0.000000] ftrace: allocating 39478 entries in 155 pages
[    0.004000] Hierarchical RCU implementation.
[    0.004000] 	RCU restricting CPUs from NR_CPUS=8192 to nr_cpu_ids=2.
[    0.004000] 	Tasks RCU enabled.
[    0.004000] RCU: Adjusting geometry for rcu_fanout_leaf=16, nr_cpu_ids=2
[    0.004000] NR_IRQS: 524544, nr_irqs: 440, preallocated irqs: 16
[    0.004000] random: crng init done
[    0.004000] Console: colour VGA+ 80x25
[    0.004000] console [tty1] enabled
[    0.004000] console [ttyS0] enabled
[    0.004000] ACPI: Core revision 20170831
[    0.004000] ACPI: 2 ACPI AML tables successfully acquired and loaded
[    0.004000] APIC: Switch to symmetric I/O mode setup
[    0.004000] x2apic enabled
[    0.004013] Switched APIC routing to physical x2apic.
[    0.012000] ..TIMER: vector=0x30 apic1=0 pin1=2 apic2=-1 pin2=-1
[    0.012005] tsc: Detected 2294.688 MHz processor
[    0.016018] Calibrating delay loop (skipped) preset value.. 4589.37 BogoMIPS (lpj=9178752)
[    0.020015] pid_max: default: 32768 minimum: 301
[    0.024122] Security Framework initialized
[    0.028010] Yama: becoming mindful.
[    0.030328] AppArmor: AppArmor initialized
[    0.036128] Dentry cache hash table entries: 131072 (order: 8, 1048576 bytes)
[    0.040246] Inode-cache hash table entries: 65536 (order: 7, 524288 bytes)
[    0.044044] Mount-cache hash table entries: 2048 (order: 2, 16384 bytes)
[    0.048022] Mountpoint-cache hash table entries: 2048 (order: 2, 16384 bytes)
[    0.052724] Last level iTLB entries: 4KB 1024, 2MB 1024, 4MB 1024
[    0.056008] Last level dTLB entries: 4KB 1024, 2MB 1024, 4MB 1024, 1GB 4
[    0.060008] Spectre V1 : Mitigation: usercopy/swapgs barriers and __user pointer sanitization
[    0.064009] Spectre V2 : Mitigation: Retpolines
[    0.066883] Spectre V2 : Spectre v2 / SpectreRSB mitigation: Filling RSB on context switch
[    0.068008] Speculative Store Bypass: Vulnerable
[    0.070970] MDS: Mitigation: Clear CPU buffers
[    0.072008] SRBDS: Unknown: Dependent on hypervisor status
[    0.076592] Freeing SMP alternatives memory: 36K
[    0.193055] smpboot: CPU0: Intel(R) Core(TM) i5-4200U CPU @ 1.60GHz (family: 0x6, model: 0x45, stepping: 0x1)
[    0.196202] Performance Events: unsupported p6 CPU model 69 no PMU driver, software events only.
[    0.200077] Hierarchical SRCU implementation.
[    0.204633] NMI watchdog: Perf event create on CPU 0 failed with -2
[    0.207416] NMI watchdog: Perf NMI watchdog permanently disabled
[    0.208107] smp: Bringing up secondary CPUs ...
[    0.212207] x86: Booting SMP configuration:
[    0.214200] .... node  #0, CPUs:      #1
[    0.004000] kvm-clock: cpu 1, msr 0:3ff44041, secondary cpu clock
[    0.220045] smp: Brought up 1 node, 2 CPUs
[    0.221960] smpboot: Max logical packages: 1
[    0.224011] smpboot: Total of 2 processors activated (9178.75 BogoMIPS)
[    0.228256] devtmpfs: initialized
[    0.229815] x86/mm: Memory block size: 128MB
[    0.232586] evm: security.selinux
[    0.234299] evm: security.SMACK64
[    0.236005] evm: security.SMACK64EXEC
[    0.237871] evm: security.SMACK64TRANSMUTE
[    0.240004] evm: security.SMACK64MMAP
[    0.241956] evm: security.apparmor
[    0.244003] evm: security.ima
[    0.245542] evm: security.capability
[    0.248111] clocksource: jiffies: mask: 0xffffffff max_cycles: 0xffffffff, max_idle_ns: 7645041785100000 ns
[    0.252016] futex hash table entries: 512 (order: 3, 32768 bytes)
[    0.254834] pinctrl core: initialized pinctrl subsystem
[    0.260231] RTC time: 11:50:20, date: 02/19/23
[    0.264309] NET: Registered protocol family 16
[    0.268326] audit: initializing netlink subsys (disabled)
[    0.272049] audit: type=2000 audit(1676807430.415:1): state=initialized audit_enabled=0 res=1
[    0.276017] cpuidle: using governor ladder
[    0.277972] cpuidle: using governor menu
[    0.280000] ACPI: bus type PCI registered
[    0.280006] acpiphp: ACPI Hot Plug PCI Controller Driver version: 0.5
[    0.284274] PCI: Using configuration type 1 for base access
[    0.292241] HugeTLB registered 2.00 MiB page size, pre-allocated 0 pages
[    0.296163] ACPI: Added _OSI(Module Device)
[    0.298161] ACPI: Added _OSI(Processor Device)
[    0.300000] ACPI: Added _OSI(3.0 _SCP Extensions)
[    0.300005] ACPI: Added _OSI(Processor Aggregator Device)
[    0.304005] ACPI: Added _OSI(Linux-Dell-Video)
[    0.306126] ACPI: Added _OSI(Linux-Lenovo-NV-HDMI-Audio)
[    0.308006] ACPI: Added _OSI(Linux-HPI-Hybrid-Graphics)
[    0.312658] ACPI: Executed 1 blocks of module-level executable AML code
[    0.332574] ACPI: Interpreter enabled
[    0.334768] ACPI: (supports S0 S5)
[    0.336004] ACPI: Using IOAPIC for interrupt routing
[    0.340317] PCI: Using host bridge windows from ACPI; if necessary, use "pci=nocrs" and report a bug
[    0.344634] ACPI: Enabled 2 GPEs in block 00 to 07
[    0.372129] ACPI: PCI Root Bridge [PCI0] (domain 0000 [bus 00-ff])
[    0.375521] acpi PNP0A03:00: _OSC: OS supports [ASPM ClockPM Segments MSI]
[    0.381621] acpi PNP0A03:00: _OSC: not requesting OS control; OS requires [ExtendedConfig ASPM ClockPM MSI]
[    0.384033] acpi PNP0A03:00: fail to add MMCONFIG information, can't access extended PCI configuration space under this bridge.
[    0.389295] PCI host bridge to bus 0000:00
[    0.391225] pci_bus 0000:00: root bus resource [io  0x0000-0x0cf7 window]
[    0.392007] pci_bus 0000:00: root bus resource [io  0x0d00-0xffff window]
[    0.396007] pci_bus 0000:00: root bus resource [mem 0x000a0000-0x000bffff window]
[    0.400008] pci_bus 0000:00: root bus resource [mem 0x40000000-0xfdffffff window]
[    0.404026] pci_bus 0000:00: root bus resource [bus 00-ff]
[    0.416310] pci 0000:00:01.1: legacy IDE quirk: reg 0x10: [io  0x01f0-0x01f7]
[    0.419922] pci 0000:00:01.1: legacy IDE quirk: reg 0x14: [io  0x03f6]
[    0.420007] pci 0000:00:01.1: legacy IDE quirk: reg 0x18: [io  0x0170-0x0177]
[    0.424008] pci 0000:00:01.1: legacy IDE quirk: reg 0x1c: [io  0x0376]
[    0.459191] pci 0000:00:07.0: quirk: [io  0x4000-0x403f] claimed by PIIX4 ACPI
[    0.460032] pci 0000:00:07.0: quirk: [io  0x4100-0x410f] claimed by PIIX4 SMB
[    0.487773] ACPI: PCI Interrupt Link [LNKA] (IRQs 5 9 10 *11)
[    0.489411] ACPI: PCI Interrupt Link [LNKB] (IRQs 5 9 *10 11)
[    0.492430] ACPI: PCI Interrupt Link [LNKC] (IRQs 5 *9 10 11)
[    0.496426] ACPI: PCI Interrupt Link [LNKD] (IRQs 5 9 10 *11)
[    0.501135] SCSI subsystem initialized
[    0.503126] pci 0000:00:02.0: vgaarb: setting as boot VGA device
[    0.503126] pci 0000:00:02.0: vgaarb: VGA device added: decodes=io+mem,owns=io+mem,locks=none
[    0.504019] pci 0000:00:02.0: vgaarb: bridge control possible
[    0.508005] vgaarb: loaded
[    0.509542] ACPI: bus type USB registered
[    0.512055] usbcore: registered new interface driver usbfs
[    0.514789] usbcore: registered new interface driver hub
[    0.516021] usbcore: registered new device driver usb
[    0.520141] EDAC MC: Ver: 3.0.0
[    0.524075] PCI: Using ACPI for IRQ routing
[    0.526768] NetLabel: Initializing
[    0.528005] NetLabel:  domain hash size = 128
[    0.530079] NetLabel:  protocols = UNLABELED CIPSOv4 CALIPSO
[    0.532036] NetLabel:  unlabeled traffic allowed by default
[    0.536261] clocksource: Switched to clocksource kvm-clock
[    0.593267] VFS: Disk quotas dquot_6.6.0
[    0.595527] VFS: Dquot-cache hash table entries: 512 (order 0, 4096 bytes)
[    0.599620] AppArmor: AppArmor Filesystem Enabled
[    0.601937] pnp: PnP ACPI init
[    0.607145] pnp: PnP ACPI: found 3 devices
[    0.620883] clocksource: acpi_pm: mask: 0xffffff max_cycles: 0xffffff, max_idle_ns: 2085701024 ns
[    0.625735] NET: Registered protocol family 2
[    0.627884] IP idents hash table entries: 16384 (order: 5, 131072 bytes)
[    0.636614] TCP established hash table entries: 8192 (order: 4, 65536 bytes)
[    0.640433] TCP bind hash table entries: 8192 (order: 5, 131072 bytes)
[    0.643340] TCP: Hash tables configured (established 8192 bind 8192)
[    0.646285] UDP hash table entries: 512 (order: 2, 16384 bytes)
[    0.649135] UDP-Lite hash table entries: 512 (order: 2, 16384 bytes)
[    0.652037] NET: Registered protocol family 1
[    0.654163] pci 0000:00:00.0: Limiting direct PCI/PCI transfers
[    0.656880] pci 0000:00:01.0: Activating ISA DMA hang workarounds
[    0.659694] pci 0000:00:02.0: Video device with shadowed ROM at [mem 0x000c0000-0x000dffff]
[    0.663884] Unpacking initramfs...
[    1.555363] Freeing initrd memory: 19532K
[    1.557872] clocksource: tsc: mask: 0xffffffffffffffff max_cycles: 0x21139aef754, max_idle_ns: 440795211890 ns
[    1.562867] platform rtc_cmos: registered platform RTC device (no PNP device found)
[    1.567243] Scanning for low memory corruption every 60 seconds
[    1.571200] Initialise system trusted keyrings
[    1.573345] Key type blacklist registered
[    1.575362] workingset: timestamp_bits=36 max_order=18 bucket_order=0
[    1.582259] zbud: loaded
[    1.585086] squashfs: version 4.0 (2009/01/31) Phillip Lougher
[    1.588771] fuse init (API version 7.26)
[    1.594261] Key type asymmetric registered
[    1.596328] Asymmetric key parser 'x509' registered
[    1.598735] Block layer SCSI generic (bsg) driver version 0.4 loaded (major 246)
[    1.602401] io scheduler noop registered
[    1.604315] io scheduler deadline registered
[    1.606485] io scheduler cfq registered (default)
[    1.609388] ACPI: AC Adapter [AC] (on-line)
[    1.611484] input: Power Button as /devices/LNXSYSTM:00/LNXPWRBN:00/input/input0
[    1.615176] ACPI: Power Button [PWRF]
[    1.617194] input: Sleep Button as /devices/LNXSYSTM:00/LNXSLPBN:00/input/input1
[    1.620866] ACPI: Sleep Button [SLPF]
[    1.624660] Serial: 8250/16550 driver, 32 ports, IRQ sharing enabled
[    1.650372] 00:02: ttyS0 at I/O 0x3f8 (irq = 4, base_baud = 115200) is a 16550A
[    1.655672] ACPI: Battery Slot [BAT0] (battery present)
[    1.659420] Linux agpgart interface v0.103
[    1.669871] loop: module loaded
[    1.673228] scsi host0: ata_piix
[    1.675312] scsi host1: ata_piix
[    1.677355] ata1: PATA max UDMA/33 cmd 0x1f0 ctl 0x3f6 bmdma 0xd000 irq 14
[    1.681008] ata2: PATA max UDMA/33 cmd 0x170 ctl 0x376 bmdma 0xd008 irq 15
[    1.684815] tun: Universal TUN/TAP device driver, 1.6
[    1.687745] PPP generic driver version 2.4.2
[    1.690239] ehci_hcd: USB 2.0 'Enhanced' Host Controller (EHCI) Driver
[    1.693224] ehci-pci: EHCI PCI platform driver
[    1.695385] ehci-platform: EHCI generic platform driver
[    1.697982] ohci_hcd: USB 1.1 'Open' Host Controller (OHCI) Driver
[    1.700751] ohci-pci: OHCI PCI platform driver
[    1.702927] ohci-platform: OHCI generic platform driver
[    1.705452] uhci_hcd: USB Universal Host Controller Interface driver
[    1.708422] i8042: PNP: PS/2 Controller [PNP0303:PS2K,PNP0f03:PS2M] at 0x60,0x64 irq 1,12
[    1.713200] serio: i8042 KBD port at 0x60,0x64 irq 1
[    1.715599] serio: i8042 AUX port at 0x60,0x64 irq 12
[    1.718191] mousedev: PS/2 mouse device common for all mice
[    1.721449] input: AT Translated Set 2 keyboard as /devices/platform/i8042/serio0/input/input2
[    1.726290] rtc_cmos rtc_cmos: rtc core: registered rtc_cmos as rtc0
[    1.729501] rtc_cmos rtc_cmos: alarms up to one day, 114 bytes nvram
[    1.732313] i2c /dev entries driver
[    1.734267] device-mapper: uevent: version 1.0.3
[    1.736615] device-mapper: ioctl: 4.37.0-ioctl (2017-09-20) initialised: dm-devel@redhat.com
[    1.740865] ledtrig-cpu: registered to indicate activity on CPUs
[    1.744376] NET: Registered protocol family 10
[    1.754655] Segment Routing with IPv6
[    1.756577] NET: Registered protocol family 17
[    1.758870] Key type dns_resolver registered
[    1.761304] mce: Using 0 MCE banks
[    1.763101] RAS: Correctable Errors collector initialized.
[    1.765718] sched_clock: Marking stable (1765673428, 0)->(2263612528, -497939100)
[    1.769839] registered taskstats version 1
[    1.771888] Loading compiled-in X.509 certificates
[    1.778449] Loaded X.509 cert 'Build time autogenerated kernel key: 29e5beaa583364da097e68c9386761f80dbce7ef'
[    1.784991] Loaded X.509 cert 'Canonical Ltd. Live Patch Signing: 14df34d1a87cf37625abec039ef2bf521249b969'
[    1.791399] Loaded X.509 cert 'Canonical Ltd. Kernel Module Signing: 88f752e560a1e0737e31163a466ad7b70a850c19'
[    1.796532] blacklist: Loading compiled-in revocation X.509 certificates
[    1.799521] Loaded X.509 cert 'Canonical Ltd. Secure Boot Signing: 61482aa2830d0ab2ad5af10b7250da9033ddcef0'
[    1.804080] zswap: loaded using pool lzo/zbud
[    1.813105] Key type big_key registered
[    1.814970] Key type trusted registered
[    1.818816] Key type encrypted registered
[    1.820722] AppArmor: AppArmor sha1 policy hashing enabled
[    1.823373] ima: No TPM chip found, activating TPM-bypass! (rc=-19)
[    1.826279] ima: Allocated hash algorithm: sha1
[    1.828416] evm: HMAC attrs: 0x1
[    1.830810]   Magic number: 11:356:833
[    1.832900] rtc_cmos rtc_cmos: setting system clock to 2023-02-19 11:50:22 UTC (1676807422)
[    1.836925] BIOS EDD facility v0.16 2004-Jun-25, 0 devices found
[    1.839685] EDD information not available.
[    1.885825] Freeing unused kernel image memory: 2472K
[    2.145035] Write protecting the kernel read-only data: 20480k
[    2.149943] Freeing unused kernel image memory: 2008K
[    2.153546] Freeing unused kernel image memory: 1824K
[    2.198604] x86/mm: Checked W+X mappings: passed, no W+X pages found.
[    2.202062] x86/mm: Checking user space page tables
[    2.250235] x86/mm: Checked W+X mappings: passed, no W+X pages found.
Loading, please wait...
starting version 237
[    2.481414] Fusion MPT base driver 3.04.20
[    2.483963] Copyright (c) 1999-2008 LSI Corporation
[    2.489097] e1000: Intel(R) PRO/1000 Network Driver - version 7.3.21-k8-NAPI
[    2.493455] e1000: Copyright (c) 1999-2006 Intel Corporation.
[    2.518792] AVX2 version of gcm_enc/dec engaged.
[    2.521894] AES CTR mode by8 optimization enabled
[    2.564598] Fusion MPT SPI Host driver 3.04.20
[    2.687776] input: ImExPS/2 Generic Explorer Mouse as /devices/platform/i8042/serio1/input/input4
[    3.061612] e1000 0000:00:03.0 eth0: (PCI:33MHz:32-bit) 02:40:49:ac:f0:20
[    3.065312] e1000 0000:00:03.0 eth0: Intel(R) PRO/1000 Network Connection
[    3.071267] mptbase: ioc0: Initiating bringup
[    3.169579] ioc0: LSI53C1030 A0: Capabilities={Initiator}
[    3.415346] scsi host2: ioc0: LSI53C1030 A0, FwRev=00000000h, Ports=1, MaxQ=256, IRQ=20
[    3.589307] scsi 2:0:0:0: Direct-Access     VBOX     HARDDISK         1.0  PQ: 0 ANSI: 5
[    3.624047] scsi target2:0:0: Beginning Domain Validation
[    3.629860] scsi target2:0:0: Domain Validation skipping write tests
[    3.632756] scsi target2:0:0: Ending Domain Validation
[    3.647295] scsi target2:0:0: asynchronous
[    3.668165] scsi 2:0:1:0: Direct-Access     VBOX     HARDDISK         1.0  PQ: 0 ANSI: 5
[    3.813028] scsi target2:0:1: Beginning Domain Validation
[    3.822184] scsi target2:0:1: Domain Validation skipping write tests
[    3.826285] scsi target2:0:1: Ending Domain Validation
[    3.829723] scsi target2:0:1: asynchronous
[    3.839898] sd 2:0:0:0: [sda] 83886080 512-byte logical blocks: (42.9 GB/40.0 GiB)
[    3.845269] sd 2:0:0:0: [sda] Write Protect is off
[    3.848737] sd 2:0:0:0: Attached scsi generic sg0 type 0
[    3.852390] sd 2:0:0:0: [sda] Incomplete mode parameter data
[    3.859104] sd 2:0:0:0: [sda] Assuming drive cache: write through
[    3.864423] sd 2:0:1:0: [sdb] 20480 512-byte logical blocks: (10.5 MB/10.0 MiB)
[    3.868939] sd 2:0:1:0: [sdb] Write Protect is off
[    3.872434] sd 2:0:1:0: Attached scsi generic sg1 type 0
[    3.876213] sd 2:0:1:0: [sdb] Incomplete mode parameter data
[    3.879882] sd 2:0:1:0: [sdb] Assuming drive cache: write through
[    3.908822]  sda: sda1
[    3.912286] sd 2:0:0:0: [sda] Attached SCSI disk
[    3.928960] sd 2:0:1:0: [sdb] Attached SCSI disk
[    4.125771] e1000 0000:00:08.0 eth1: (PCI:33MHz:32-bit) 08:00:27:0d:9f:73
[    4.129534] e1000 0000:00:08.0 eth1: Intel(R) PRO/1000 Network Connection
[    4.135753] e1000 0000:00:03.0 enp0s3: renamed from eth0
[    4.152321] e1000 0000:00:08.0 enp0s8: renamed from eth1
Begin: Loading essential drivers ... [    6.692141] raid6: sse2x1   gen()  1995 MB/s
[    6.740038] raid6: sse2x1   xor()  1347 MB/s
[    6.788097] raid6: sse2x2   gen()  4066 MB/s
[    6.836096] raid6: sse2x2   xor()  1654 MB/s
[    6.884149] raid6: sse2x4   gen()  4659 MB/s
[    6.932083] raid6: sse2x4   xor()  2835 MB/s
[    6.980116] raid6: avx2x1   gen()  4246 MB/s
[    7.028051] raid6: avx2x1   xor()  2379 MB/s
[    7.076104] raid6: avx2x2   gen()  8297 MB/s
[    7.124079] raid6: avx2x2   xor()  3905 MB/s
[    7.172102] raid6: avx2x4   gen() 10565 MB/s
[    7.220114] raid6: avx2x4   xor()  6303 MB/s
[    7.222484] raid6: using algorithm avx2x4 gen() 10565 MB/s
[    7.225576] raid6: .... xor() 6303 MB/s, rmw enabled
[    7.228368] raid6: using avx2x2 recovery algorithm
[    7.233869] xor: automatically using best checksumming function   avx       
[    7.240436] async_tx: api initialized (async)
done.
Begin: Running /scripts/init-premount ... done.
Begin: Mounting root file system ... Begin: Running /scripts/local-top ... done.
Begin: Running /scripts/local-premount ... [    7.368999] Btrfs loaded, crc32c=crc32c-intel
Scanning for Btrfs filesystems
done.
Warning: fsck not present, so skipping root file system
[    7.457973] EXT4-fs (sda1): mounted filesystem with ordered data mode. Opts: (null)
done.
Begin: Running /scripts/local-bottom ... done.
Begin: Running /scripts/init-bottom ... done.
[    8.882623] ip_tables: (C) 2000-2006 Netfilter Core Team
[    9.003999] systemd[1]: systemd 237 running in system mode. (+PAM +AUDIT +SELINUX +IMA +APPARMOR +SMACK +SYSVINIT +UTMP +LIBCRYPTSETUP +GCRYPT +GNUTLS +ACL +XZ +LZ4 +SECCOMP +BLKID +ELFUTILS +KMOD -IDN2 +IDN -PCRE2 default-hierarchy=hybrid)
[    9.014473] systemd[1]: Detected virtualization oracle.
[    9.017894] systemd[1]: Detected architecture x86-64.

Welcome to [1mUbuntu 18.04.6 LTS[0m!

[    9.063646] systemd[1]: Set hostname to <ubuntu>.
[    9.121990] systemd[1]: Initializing machine ID from random generator.
[    9.126193] systemd[1]: Installed transient /etc/machine-id file.
[   11.194849] systemd[1]: Created slice System Slice.
[[0;32m  OK  [0m] Created slice System Slice.
[   11.198950] systemd[1]: Listening on Journal Socket (/dev/log).
[[0;32m  OK  [0m] Listening on Journal Socket (/dev/log).
[   11.203983] systemd[1]: Listening on /dev/initctl Compatibility Named Pipe.
[[0;32m  OK  [0m] Listening on /dev/initctl Compatibility Named Pipe.
[   11.209389] systemd[1]: Listening on udev Kernel Socket.
[[0;32m  OK  [0m] Listening on udev Kernel Socket.
[[0;32m  OK  [0m] Listening on LVM2 metadata daemon socket.
[[0;32m  OK  [0m] Created slice User and Session Slice.
[[0;32m  OK  [0m] Reached target Slices.
[[0;32m  OK  [0m] Listening on udev Control Socket.
[[0;32m  OK  [0m] Reached target User and Group Name Lookups.
[[0;32m  OK  [0m] Reached target Swap.
[[0;32m  OK  [0m] Listening on Journal Socket.
         Starting Create list of required st…ce nodes for the current kernel...
         Starting udev Coldplug all Devices...
         Mounting Kernel Debug File System...
         Mounting POSIX Message Queue File System...
         Starting Load Kernel Modules...
[[0;32m  OK  [0m] Started Forward Password Requests to Wall Directory Watch.
[[0;32m  OK  [0m] Listening on Syslog Socket.
[[0;32m  OK  [0m] Created slice system-serial\x2dgetty.slice.
[[0;32m  OK  [0m] Reached target System Time Synchronized.
[[0;32m  OK  [0m] Listening on fsck to fsckd communication Socket.
         Starting File System Check on Root Device...
[[0;32m  OK  [0m] Listening on LVM2 poll daemon socket.
[[0;32m  OK  [0m] Listening on Journal Audit Socket.
         Starting Journal Service...
[[0;32m  OK  [0m] Listening on Network Service Netlink Socket.
         Mounting Huge Pages File System...
         Starting Set the console keyboard layout...
[[0;32m  OK  [0m] Listening on Device-mapper event daemon FIFOs.
         Starting Monitoring of LVM2 mirrors…ng dmeventd or progress polling...
         Starting Uncomplicated firewall...
[[0;32m  OK  [0m] Set up automount Arbitrary Executab…rmats File System Automount Point.
[[0;32m  OK  [0m] Started Journal Service.
[[0;32m  OK  [0m] Started Create list of required sta…vice nodes for the current kernel.
[[0;32m  OK  [0m] Mounted Kernel Debug File System.
[[0;32m  OK  [0m] Mounted POSIX Message Queue File System.
[[0;32m  OK  [0m] Mounted Huge Pages File System.
[[0;32m  OK  [0m] Started File System Check Daemon to report status.
         Starting Create Static Device Nodes in /dev...
[[0;32m  OK  [0m] Started Uncomplicated firewall.
[   11.686130] Loading iSCSI transport class v2.0-870.
[[0;32m  OK  [0m] Started udev Coldplug all Devices.
[[0;32m  OK  [0m] Started File System Check on Root Device.
         Starting Remount Root and Kernel File Systems...
[   11.918451] iscsi: registered transport (tcp)
[   12.160853] iscsi: registered transport (iser)
[[   12.166565] EXT4-fs (sda1): re-mounted. Opts: (null)
[0;32m  OK  [0m] Started Load Kernel Modules.
[[0;32m  OK  [0m] Started Remount Root and Kernel File Systems.
         Starting Flush Journal to Persistent Storage...
         Starting Load/Save Random Seed...
         Mounting Kernel Configuration File System...
         Starting Apply Kernel Variables...
         Mounting FUSE Control File System...
[[0;32m  OK  [0m] Mounted Kernel Configuration File System.
[[0;32m  OK  [0m] Mounted FUSE Control File System.
[[0;32m  OK  [0m] Started LVM2 metadata daemon.
[   12.405056] systemd-journald[404]: Received request to flush runtime journal from PID 1
[[0;32m  OK  [0m] Started Create Static Device Nodes in /dev.
         Starting udev Kernel Device Manager...
[[0;32m  OK  [0m] Started Load/Save Random Seed.
[[0;32m  OK  [0m] Started Monitoring of LVM2 mirrors,…sing dmeventd or progress polling.
[[0;32m  OK  [0m] Started Apply Kernel Variables.
[[0;32m  OK  [0m] Started Flush Journal to Persistent Storage.
[[0;32m  OK  [0m] Started udev Kernel Device Manager.
[[0;32m  OK  [0m] Found device /dev/ttyS0.
[[0;32m  OK  [0m] Listening on Load/Save RF Kill Switch Status /dev/rfkill Watch.
         Mounting Arbitrary Executable File Formats File System...
[[0;32m  OK  [0m] Mounted Arbitrary Executable File Formats File System.
[[0;32m  OK  [0m] Started Set the console keyboard layout.
[[0;32m  OK  [0m] Started Dispatch Password Requests to Console Directory Watch.
[[0;32m  OK  [0m] Reached target Local Encrypted Volumes.
[[0;32m  OK  [0m] Reached target Local File Systems (Pre).
[[0;32m  OK  [0m] Reached target Local File Systems.
         Starting AppArmor initialization...
         Starting Create Volatile Files and Directories...
         Starting Commit a transient machine-id on disk...
         Starting ebtables ruleset management...
         Starting Tell Plymouth To Write Out Runtime Data...
         Starting Set console font and keymap...
[[0;32m  OK  [0m] Started Tell Plymouth To Write Out Runtime Data.
[[0;32m  OK  [0m] Started Create Volatile Files and Directories.
         Starting Update UTMP about System Boot/Shutdown...
[[0;32m  OK  [0m] Started Update UTMP about System Boot/Shutdown.
[[0;32m  OK  [0m] Started Commit a transient machine-id on disk.
[[0;32m  OK  [0m] Started ebtables ruleset management.
[[0;32m  OK  [0m] Started Set console font and keymap.
[[0;32m  OK  [0m] Started AppArmor initialization.
         Starting Initial cloud-init job (pre-networking)...
         Starting Load AppArmor profiles managed internally by snapd...
[[0;32m  OK  [0m] Started Load AppArmor profiles managed internally by snapd.
[   28.212905] cloud-init[880]: Cloud-init v. 22.4.2-0ubuntu0~18.04.1 running 'init-local' at Sun, 19 Feb 2023 11:50:47 +0000. Up 26.88 seconds.
[[0;32m  OK  [0m] Started Initial cloud-init job (pre-networking).
[[0;32m  OK  [0m] Reached target Network (Pre).
         Starting Network Service...
[[0;32m  OK  [0m] Started Network Service.
         Starting Network Name Resolution...
         Starting Wait for Network to be Configured...
[[0;32m  OK  [0m] Started Network Name Resolution.
[[0;32m  OK  [0m] Reached target Network.
[[0;32m  OK  [0m] Reached target Host and Network Name Lookups.
[[0;32m  OK  [0m] Started Wait for Network to be Configured.
         Starting Initial cloud-init job (metadata service crawler)...
[   32.106011] cloud-init[1010]: Cloud-init v. 22.4.2-0ubuntu0~18.04.1 running 'init' at Sun, 19 Feb 2023 11:50:52 +0000. Up 31.59 seconds.
[   32.110900] cloud-init[1010]: ci-info: ++++++++++++++++++++++++++++++++++++++Net device info+++++++++++++++++++++++++++++++++++++++
[   32.115318] cloud-init[1010]: ci-info: +--------+-------+----------------------------+---------------+--------+-------------------+
[   32.120191] cloud-init[1010]: ci-info: | Device |   Up  |          Address           |      Mask     | Scope  |     Hw-Address    |
[   32.125301] cloud-init[1010]: ci-info: +--------+-------+----------------------------+---------------+--------+-------------------+
[   32.129485] cloud-init[1010]: ci-info: | enp0s3 |  True |         10.0.2.15          | 255.255.255.0 | global | 02:40:49:ac:f0:20 |
[   32.134430] cloud-init[1010]: ci-info: | enp0s3 |  True | fe80::40:49ff:feac:f020/64 |       .       |  link  | 02:40:49:ac:f0:20 |
[   32.138799] cloud-init[1010]: ci-info: | enp0s8 | False |             .              |       .       |   .    | 08:00:27:0d:9f:73 |
[   32.144755] cloud-init[1010]: ci-info: |   lo   |  True |         127.0.0.1          |   255.0.0.0   |  host  |         .         |
[   32.150037] cloud-init[1010]: ci-info: |   lo   |  True |          ::1/128           |       .       |  host  |         .         |
[   32.154793] cloud-init[1010]: ci-info: +--------+-------+----------------------------+---------------+--------+-------------------+
[   32.160655] cloud-init[1010]: ci-info: ++++++++++++++++++++++++++++Route IPv4 info+++++++++++++++++++++++++++++
[   32.164648] cloud-init[1010]: ci-info: +-------+-------------+----------+-----------------+-----------+-------+
[   32.168766] cloud-init[1010]: ci-info: | Route | Destination | Gateway  |     Genmask     | Interface | Flags |
[   32.173302] cloud-init[1010]: ci-info: +-------+-------------+----------+-----------------+-----------+-------+
[   32.176501] cloud-init[1010]: ci-info: |   0   |   0.0.0.0   | 10.0.2.2 |     0.0.0.0     |   enp0s3  |   UG  |
[   32.179748] cloud-init[1010]: ci-info: |   1   |   10.0.2.0  | 0.0.0.0  |  255.255.255.0  |   enp0s3  |   U   |
[   32.182719] cloud-init[1010]: ci-info: |   2   |   10.0.2.2  | 0.0.0.0  | 255.255.255.255 |   enp0s3  |   UH  |
[   32.187540] cloud-init[1010]: ci-info: +-------+-------------+----------+-----------------+-----------+-------+
[   32.191538] cloud-init[1010]: ci-info: +++++++++++++++++++Route IPv6 info+++++++++++++++++++
[   32.195402] cloud-init[1010]: ci-info: +-------+-------------+---------+-----------+-------+
[   32.199369] cloud-init[1010]: ci-info: | Route | Destination | Gateway | Interface | Flags |
[   32.204566] cloud-init[1010]: ci-info: +-------+-------------+---------+-----------+-------+
[   32.208215] cloud-init[1010]: ci-info: |   1   |  fe80::/64  |    ::   |   enp0s3  |   U   |
[   32.211810] cloud-init[1010]: ci-info: |   3   |    local    |    ::   |   enp0s3  |   U   |
[   32.215848] cloud-init[1010]: ci-info: |   4   |   ff00::/8  |    ::   |   enp0s3  |   U   |
[   32.219731] cloud-init[1010]: ci-info: +-------+-------------+---------+-----------+-------+
[   35.169139] cloud-init[1010]: Generating public/private rsa key pair.
[   35.172221] cloud-init[1010]: Your identification has been saved in /etc/ssh/ssh_host_rsa_key.
[   35.184455] cloud-init[1010]: Your public key has been saved in /etc/ssh/ssh_host_rsa_key.pub.
[   35.188033] cloud-init[1010]: The key fingerprint is:
[   35.190715] cloud-init[1010]: SHA256:nWECtEFssENxibR/ALWpZSxjbjy903cvvGuFjJnOzv8 root@ubuntu-bionic
[   35.195297] cloud-init[1010]: The key's randomart image is:
[   35.198232] cloud-init[1010]: +---[RSA 2048]----+
[   35.201206] cloud-init[1010]: |   .*OB.         |
[   35.204399] cloud-init[1010]: |   ..*+*         |
[   35.208402] cloud-init[1010]: |    B.O . o      |
[   35.220527] cloud-init[1010]: |   + X . + o     |
[   35.223648] cloud-init[1010]: |    * o S o= .   |
[   35.236388] cloud-init[1010]: |   . . +  + o .  |
[   35.238813] cloud-init[1010]: |      o .o....   |
[   35.252486] cloud-init[1010]: |       . oo.+.   |
[   35.255160] cloud-init[1010]: |         .oo+=E  |
[   35.257990] cloud-init[1010]: +----[SHA256]-----+
[   35.272528] cloud-init[1010]: Generating public/private dsa key pair.
[   35.277607] cloud-init[1010]: Your identification has been saved in /etc/ssh/ssh_host_dsa_key.
[   35.283449] cloud-init[1010]: Your public key has been saved in /etc/ssh/ssh_host_dsa_key.pub.
[   35.287585] cloud-init[1010]: The key fingerprint is:
[   35.290289] cloud-init[1010]: SHA256:k/XqqxOx9IlgLFlHjMCDF3+tRR1Tc/awQf+Qfl4o12M root@ubuntu-bionic
[   35.294213] cloud-init[1010]: The key's randomart image is:
[   35.297331] cloud-init[1010]: +---[DSA 1024]----+
[   35.299895] cloud-init[1010]: |   ooo +. ..o+* o|
[   35.312581] cloud-init[1010]: |  . +.o oo  .. X.|
[   35.315431] cloud-init[1010]: |   . =... +   + o|
[[0;32m  OK  [0m] Started Initial cloud-init job (metadata service crawler).[   35.328415] cloud-init[1010]: |    o +.o= . . +.|
[   35.331036] cloud-init[1010]: |     o oS= .o +E=|
[   35.333559] cloud-init[1010]: |        +.o. o.oo|
[   35.335957] 
[[0;32m  OK  [0m] Reached target System Initialization.
[[0;32m  OK  [0m] Started Message of the Day.
[[0;32m  OK  [0m] Started Discard unused blocks once a week.
cloud-init[1010]: [[0;32m  OK  [0m] Started ACPI Events Check.|         ..     .|
[   35.349386] cloud-init[1010]: |        ..       |
[   35.351675] 
[[0;32m  OK  [0m] Listening on D-Bus System Message Bus Socket.
cloud-init[1010]: |        .oo.     |
[   35.357949] cloud-init[1010]: +----[SHA256]-----+
[   35.360256] cloud-init[1010]: Generating public/private ecdsa key pair.
[   35.363040] cloud-init[1010]: Your identification has been saved in /etc/ssh/ssh_host_ecdsa_key.
[   35.366512] cloud-init[1010]: Your public key has been saved in /etc/ssh/ssh_host_ecdsa_key.pub.
[   35.369883] cloud-init[1010]: The key fingerprint is:
[   35.371664] cloud-init[1010]: SHA256:349GwBOkj10tqlVi9c02KvXKwBwsGOjxuri7Oz1DzWQ root@ubuntu-bionic
         [   35.384675] cloud-init[1010]: The key's randomart image is:
[   35.384999] cloud-init[1010]: +---[ECDSA 256]---+
[   35.387568] cloud-init[1010]: |      .. .. .    |
[   35.388522] cloud-init[1010]: |     o  o.o. o o |
[   35.390345] cloud-init[1010]: |    . o..oo++.o.+|
Starting Socket activation for snappy daemon.
[   35.393486] cloud-init[1010]: |     . E =B=o.o..|
[   35.395514] cloud-init[1010]: |      * S =B . . |
[   35.398929] cloud-init[1010]: |     o o + .= .  |
[   35.400937] cloud-init[1010]: |    + . . ...o   |
[   35.401916] cloud-init[1010]: |   o =      .o   |
[   35.403001] cloud-init[1010]: |   =* o    .. .  |
[   35.415343] cloud-init[1010]: +----[SHA256]-----+
[   35.416242] cloud-init[1010]: Generating public/private ed25519 key pair.
[[0;32m  OK  [0m] Started Daily apt download activities.
[   35.418858] cloud-init[1010]: Your identification has been saved in /etc/ssh/ssh_host_ed25519_key.
[[   35.426069] cloud-init[1010]: Your public key has been saved in /etc/ssh/ssh_host_ed25519_key.pub.
[   35.426471] cloud-init[1010]: The key fingerprint is:
[   35.430053] cloud-init[1010]: SHA256:oM4y09+qhXB/v2gL+w4XXNGLE+7+WsvsGiEonqL3MjE root@ubuntu-bionic
[   35.433816] cloud-init[1010]: The key's randomart image is:
[   35.435239] cloud-init[1010]: +--[ED25519 256]--+
[   35.437432] cloud-init[1010]: |          ..     |
[   35.440139] cloud-init[1010]: |          ...    |
[   35.440975] cloud-init[1010]: |      .  ..o .   |
[   35.443692] cloud-init[1010]: |     . + .+ .    |
[   35.445670] cloud-init[1010]: |  . + . S...     |
[   35.446283] cloud-init[1010]: |  EB =   o..     |
[   35.448558] cloud-init[1010]: |  =oB = o.. .    |
[   35.449396] cloud-init[1010]: | .+= o B.o.= .   |
[   35.452125] cloud-init[1010]: |.. +o.+=*.=**    |
[   35.452632] cloud-init[1010]: +----[SHA256]-----+
[0;32m  OK  [0m] Listening on Open-iSCSI iscsid Socket.
[[0;32m  OK  [0m] Listening on UUID daemon activation socket.
[[0;32m  OK  [0m] Listening on cloud-init hotplug hook socket.
[[0;32m  OK  [0m] Started Daily Cleanup of Temporary Directories.
[[0;32m  OK  [0m] Reached target Paths.
[[0;32m  OK  [0m] Started Daily apt upgrade and clean activities.
         Starting LXD - unix socket.
[[0;32m  OK  [0m] Started Ubuntu Advantage Timer for running repeated jobs.
[[0;32m  OK  [0m] Reached target Timers.
[[0;32m  OK  [0m] Listening on ACPID Listen Socket.
[[0;32m  OK  [0m] Reached target Network is Online.
[[0;32m  OK  [0m] Reached target Remote File Systems (Pre).
[[0;32m  OK  [0m] Reached target Remote File Systems.
         Starting Availability of block devices...
[[0;32m  OK  [0m] Reached target Cloud-config availability.
[[0;32m  OK  [0m] Listening on Socket activation for snappy daemon.
[[0;32m  OK  [0m] Listening on LXD - unix socket.
[[0;32m  OK  [0m] Reached target Sockets.
[[0;32m  OK  [0m] Reached target Basic System.
[[0;32m  OK  [0m] Reached target Login Prompts (Pre).
         Starting Pollinate to seed the pseudo random number generator...
         Starting Dispatcher daemon for systemd-networkd...
[[0;32m  OK  [0m] Started Deferred execution scheduler.
         Starting LXD - container startup/shutdown...
[[0;32m  OK  [0m] Started irqbalance daemon.
         Starting System Logging Service...
[[0;32m  OK  [0m] Started D-Bus System Message Bus.
         Starting LSB: Record successful boot for GRUB...
         Starting Accounts Service...
         Starting LSB: automatic crash report generation...
[[0;32m  OK  [0m] Started FUSE filesystem for LXC.
[[0;32m  OK  [0m] Started Regular background program processing daemon.
         Starting Snap Daemon...
         Starting Permit User Sessions...
         Starting Virtualbox guest utils...
         Starting Login Service...
[[0;32m  OK  [0m] Started System Logging Service.
[[0;32m  OK  [0m] Started Availability of block devices.
[[0;32m  OK  [0m] Started Permit User Sessions.
         Starting Hold until boot process finishes up...
         Starting Terminate Plymouth Boot Screen...
[[0;32m  OK  [0m] Started Hold until boot process finishes up.
[[0;32m  OK  [0m] Started Serial Getty on ttyS0.
         Starting Set console scheme...
[[0;32m  OK  [0m] Started Terminate Plymouth Boot Screen.
[[0;32m  OK  [0m] Started LSB: automatic crash report generation.
[[0;32m  OK  [0m] Started Login Service.
[[0;32m  OK  [0m] Started Unattended Upgrades Shutdown.
[[0;32m  OK  [0m] Started Set console scheme.
[[0;32m  OK  [0m] Created slice system-getty.slice.
[[0;32m  OK  [0m] Started Getty on tty1.
[[0;32m  OK  [0m] Reached target Login Prompts.
[[0;32m  OK  [0m] Started LSB: Record successful boot for GRUB.
         Starting Authorization Manager...
[[0;32m  OK  [0m] Started Authorization Manager.
[[0;32m  OK  [0m] Started Accounts Service.
[[0;32m  OK  [0m] Started Virtualbox guest utils.
[[0;32m  OK  [0m] Started Dispatcher daemon for systemd-networkd.

Ubuntu 18.04.6 LTS ubuntu-bionic ttyS0

ubuntu-bionic login: [   50.014315] cloud-init[1655]: Cloud-init v. 22.4.2-0ubuntu0~18.04.1 running 'modules:config' at Sun, 19 Feb 2023 11:51:06 +0000. Up 46.09 seconds.
ci-info: no authorized SSH keys fingerprints found for user ubuntu.
<14>Feb 19 11:51:14 cloud-init: #############################################################
<14>Feb 19 11:51:14 cloud-init: -----BEGIN SSH HOST KEY FINGERPRINTS-----
<14>Feb 19 11:51:14 cloud-init: 1024 SHA256:k/XqqxOx9IlgLFlHjMCDF3+tRR1Tc/awQf+Qfl4o12M root@ubuntu-bionic (DSA)
<14>Feb 19 11:51:14 cloud-init: 256 SHA256:349GwBOkj10tqlVi9c02KvXKwBwsGOjxuri7Oz1DzWQ root@ubuntu-bionic (ECDSA)
<14>Feb 19 11:51:14 cloud-init: 256 SHA256:oM4y09+qhXB/v2gL+w4XXNGLE+7+WsvsGiEonqL3MjE root@ubuntu-bionic (ED25519)
<14>Feb 19 11:51:14 cloud-init: 2048 SHA256:nWECtEFssENxibR/ALWpZSxjbjy903cvvGuFjJnOzv8 root@ubuntu-bionic (RSA)
<14>Feb 19 11:51:14 cloud-init: -----END SSH HOST KEY FINGERPRINTS-----
<14>Feb 19 11:51:14 cloud-init: #############################################################
-----BEGIN SSH HOST KEY KEYS-----
ecdsa-sha2-nistp256 AAAAE2VjZHNhLXNoYTItbmlzdHAyNTYAAAAIbmlzdHAyNTYAAABBBM5v3hR2/T1DhZtVyaXUt1VZxHdNOER888mSMpr6bMsZ/v662vIU+P4OEwWyuDda+pD13RjiY08SYoNOr0FIYY0= root@ubuntu-bionic
ssh-ed25519 AAAAC3NzaC1lZDI1NTE5AAAAIBvHiycZHAHidrlEQKK6zxWPqJAYSlwNzZG9YZjoNxQT root@ubuntu-bionic
ssh-rsa AAAAB3NzaC1yc2EAAAADAQABAAABAQCrmVsUKMnMVQMNgPwAncjlxy9V2Y/ZbVih8WaosqAW6tCzoladL439D5U7QlQbMG15r5NM/Dfejf4wEBYDBxltpsVVA3fIMHBpMKOwfNNKL/demjt/PG7PmNJ/Y3Q3i3bmbFQlXENR/OiCCChhYpVlQRaThjIVUrjiclIko345XrM8VoH+8bhrxRVV+YYsHRO2gF/1kPKwnXGIZw2FrWWRMB285l34XIkGx64CIkZhNyoFYMeY6TEuPk6s9wtydWyV4B1h8rtkl/sFMIihzzWQr/zCGKljFfv18SDW4gkqAOi1vlcFrjKXL+b3mCTwTdTYWW0czk9l1BiP/TbzV2Q3 root@ubuntu-bionic
-----END SSH HOST KEY KEYS-----
[   53.576329] cloud-init[1813]: Cloud-init v. 22.4.2-0ubuntu0~18.04.1 running 'modules:final' at Sun, 19 Feb 2023 11:51:12 +0000. Up 51.89 seconds.
[   53.581550] cloud-init[1813]: Cloud-init v. 22.4.2-0ubuntu0~18.04.1 finished at Sun, 19 Feb 2023 11:51:14 +0000. Datasource DataSourceNoCloud [seed=/dev/sdb][dsmode=net].  Up 53.55 seconds
